-------------------------------------------------------------------------------
Test set: com.RadioPlayer.models.RadioPlayerTest
-------------------------------------------------------------------------------
Tests run: 3, Failures: 0, Errors: 1, Skipped: 0, Time elapsed: 0 s <<< FAILURE! - in com.RadioPlayer.models.RadioPlayerTest
playerTest  Time elapsed: 0 s  <<< ERROR!
java.lang.IllegalArgumentException: InputStream cannot be null
	at com.RadioPlayer.models.RadioPlayerTest.playerTest(RadioPlayerTest.java:52)

